  PracticalExercise1.cpp
c:\users\user\desktop\practical - gp\practical\practicalexercise1\practicalexercise1\practicalexercise1.cpp(10): warning C4305: 'initializing': truncation from 'double' to 'float'
c:\users\user\desktop\practical - gp\practical\practicalexercise1\practicalexercise1\practicalexercise1.cpp(368): warning C4305: '+=': truncation from 'double' to 'float'
c:\users\user\desktop\practical - gp\practical\practicalexercise1\practicalexercise1\practicalexercise1.cpp(369): warning C4244: '=': conversion from 'double' to 'float', possible loss of data
c:\users\user\desktop\practical - gp\practical\practicalexercise1\practicalexercise1\practicalexercise1.cpp(370): warning C4244: '=': conversion from 'double' to 'float', possible loss of data
c:\users\user\desktop\practical - gp\practical\practicalexercise1\practicalexercise1\practicalexercise1.cpp(383): warning C4305: 'argument': truncation from 'double' to 'GLfloat'
c:\users\user\desktop\practical - gp\practical\practicalexercise1\practicalexercise1\practicalexercise1.cpp(386): warning C4305: 'argument': truncation from 'double' to 'GLfloat'
c:\users\user\desktop\practical - gp\practical\practicalexercise1\practicalexercise1\practicalexercise1.cpp(389): warning C4305: 'argument': truncation from 'double' to 'GLfloat'
c:\users\user\desktop\practical - gp\practical\practicalexercise1\practicalexercise1\practicalexercise1.cpp(392): warning C4305: 'argument': truncation from 'double' to 'GLfloat'
c:\users\user\desktop\practical - gp\practical\practicalexercise1\practicalexercise1\practicalexercise1.cpp(395): warning C4305: 'argument': truncation from 'double' to 'GLfloat'
c:\users\user\desktop\practical - gp\practical\practicalexercise1\practicalexercise1\practicalexercise1.cpp(398): warning C4305: 'argument': truncation from 'double' to 'float'
c:\users\user\desktop\practical - gp\practical\practicalexercise1\practicalexercise1\practicalexercise1.cpp(399): warning C4305: 'argument': truncation from 'double' to 'float'
c:\users\user\desktop\practical - gp\practical\practicalexercise1\practicalexercise1\practicalexercise1.cpp(401): warning C4305: 'argument': truncation from 'double' to 'float'
c:\users\user\desktop\practical - gp\practical\practicalexercise1\practicalexercise1\practicalexercise1.cpp(404): warning C4305: 'argument': truncation from 'double' to 'float'
c:\users\user\desktop\practical - gp\practical\practicalexercise1\practicalexercise1\practicalexercise1.cpp(407): warning C4305: 'argument': truncation from 'double' to 'float'
c:\users\user\desktop\practical - gp\practical\practicalexercise1\practicalexercise1\practicalexercise1.cpp(411): warning C4305: 'argument': truncation from 'double' to 'float'
c:\users\user\desktop\practical - gp\practical\practicalexercise1\practicalexercise1\practicalexercise1.cpp(412): warning C4305: 'argument': truncation from 'double' to 'float'
c:\users\user\desktop\practical - gp\practical\practicalexercise1\practicalexercise1\practicalexercise1.cpp(413): warning C4305: 'argument': truncation from 'double' to 'float'
c:\users\user\desktop\practical - gp\practical\practicalexercise1\practicalexercise1\practicalexercise1.cpp(426): warning C4305: 'argument': truncation from 'double' to 'GLfloat'
c:\users\user\desktop\practical - gp\practical\practicalexercise1\practicalexercise1\practicalexercise1.cpp(428): warning C4244: 'argument': conversion from 'double' to 'GLfloat', possible loss of data
c:\users\user\desktop\practical - gp\practical\practicalexercise1\practicalexercise1\practicalexercise1.cpp(436): warning C4305: '=': truncation from 'double' to 'float'
c:\users\user\desktop\practical - gp\practical\practicalexercise1\practicalexercise1\practicalexercise1.cpp(438): warning C4305: '=': truncation from 'double' to 'float'
c:\users\user\desktop\practical - gp\practical\practicalexercise1\practicalexercise1\practicalexercise1.cpp(442): warning C4305: 'argument': truncation from 'double' to 'GLfloat'
c:\users\user\desktop\practical - gp\practical\practicalexercise1\practicalexercise1\practicalexercise1.cpp(444): warning C4244: 'argument': conversion from 'double' to 'GLfloat', possible loss of data
c:\users\user\desktop\practical - gp\practical\practicalexercise1\practicalexercise1\practicalexercise1.cpp(453): warning C4305: '=': truncation from 'double' to 'float'
c:\users\user\desktop\practical - gp\practical\practicalexercise1\practicalexercise1\practicalexercise1.cpp(454): warning C4305: '=': truncation from 'double' to 'float'
c:\users\user\desktop\practical - gp\practical\practicalexercise1\practicalexercise1\practicalexercise1.cpp(455): warning C4305: '=': truncation from 'double' to 'float'
c:\users\user\desktop\practical - gp\practical\practicalexercise1\practicalexercise1\practicalexercise1.cpp(459): warning C4305: 'argument': truncation from 'double' to 'GLfloat'
c:\users\user\desktop\practical - gp\practical\practicalexercise1\practicalexercise1\practicalexercise1.cpp(461): warning C4244: 'argument': conversion from 'double' to 'GLfloat', possible loss of data
c:\users\user\desktop\practical - gp\practical\practicalexercise1\practicalexercise1\practicalexercise1.cpp(472): warning C4305: '=': truncation from 'double' to 'float'
c:\users\user\desktop\practical - gp\practical\practicalexercise1\practicalexercise1\practicalexercise1.cpp(476): warning C4305: 'argument': truncation from 'double' to 'GLfloat'
c:\users\user\desktop\practical - gp\practical\practicalexercise1\practicalexercise1\practicalexercise1.cpp(478): warning C4244: 'argument': conversion from 'double' to 'GLfloat', possible loss of data
c:\users\user\desktop\practical - gp\practical\practicalexercise1\practicalexercise1\practicalexercise1.cpp(487): warning C4305: '=': truncation from 'double' to 'float'
c:\users\user\desktop\practical - gp\practical\practicalexercise1\practicalexercise1\practicalexercise1.cpp(488): warning C4305: '=': truncation from 'double' to 'float'
c:\users\user\desktop\practical - gp\practical\practicalexercise1\practicalexercise1\practicalexercise1.cpp(489): warning C4305: '=': truncation from 'double' to 'float'
c:\users\user\desktop\practical - gp\practical\practicalexercise1\practicalexercise1\practicalexercise1.cpp(493): warning C4305: 'argument': truncation from 'double' to 'GLfloat'
c:\users\user\desktop\practical - gp\practical\practicalexercise1\practicalexercise1\practicalexercise1.cpp(495): warning C4244: 'argument': conversion from 'double' to 'GLfloat', possible loss of data
c:\users\user\desktop\practical - gp\practical\practicalexercise1\practicalexercise1\practicalexercise1.cpp(504): warning C4305: '=': truncation from 'double' to 'float'
c:\users\user\desktop\practical - gp\practical\practicalexercise1\practicalexercise1\practicalexercise1.cpp(506): warning C4305: 'argument': truncation from 'double' to 'GLfloat'
c:\users\user\desktop\practical - gp\practical\practicalexercise1\practicalexercise1\practicalexercise1.cpp(512): warning C4244: '=': conversion from 'double' to 'float', possible loss of data
c:\users\user\desktop\practical - gp\practical\practicalexercise1\practicalexercise1\practicalexercise1.cpp(513): warning C4244: '=': conversion from 'double' to 'float', possible loss of data
c:\users\user\desktop\practical - gp\practical\practicalexercise1\practicalexercise1\practicalexercise1.cpp(515): warning C4244: 'argument': conversion from 'double' to 'GLfloat', possible loss of data
c:\users\user\desktop\practical - gp\practical\practicalexercise1\practicalexercise1\practicalexercise1.cpp(527): warning C4305: '=': truncation from 'double' to 'float'
c:\users\user\desktop\practical - gp\practical\practicalexercise1\practicalexercise1\practicalexercise1.cpp(530): warning C4305: '+=': truncation from 'double' to 'float'
c:\users\user\desktop\practical - gp\practical\practicalexercise1\practicalexercise1\practicalexercise1.cpp(533): warning C4244: 'argument': conversion from 'double' to 'GLfloat', possible loss of data
c:\users\user\desktop\practical - gp\practical\practicalexercise1\practicalexercise1\practicalexercise1.cpp(544): warning C4305: '=': truncation from 'double' to 'float'
c:\users\user\desktop\practical - gp\practical\practicalexercise1\practicalexercise1\practicalexercise1.cpp(546): warning C4305: 'argument': truncation from 'double' to 'GLfloat'
c:\users\user\desktop\practical - gp\practical\practicalexercise1\practicalexercise1\practicalexercise1.cpp(552): warning C4244: '=': conversion from 'double' to 'float', possible loss of data
c:\users\user\desktop\practical - gp\practical\practicalexercise1\practicalexercise1\practicalexercise1.cpp(553): warning C4244: '=': conversion from 'double' to 'float', possible loss of data
c:\users\user\desktop\practical - gp\practical\practicalexercise1\practicalexercise1\practicalexercise1.cpp(555): warning C4244: 'argument': conversion from 'double' to 'GLfloat', possible loss of data
c:\users\user\desktop\practical - gp\practical\practicalexercise1\practicalexercise1\practicalexercise1.cpp(559): warning C4244: 'argument': conversion from 'double' to 'float', possible loss of data
c:\users\user\desktop\practical - gp\practical\practicalexercise1\practicalexercise1\practicalexercise1.cpp(566): warning C4305: '=': truncation from 'double' to 'float'
c:\users\user\desktop\practical - gp\practical\practicalexercise1\practicalexercise1\practicalexercise1.cpp(574): warning C4244: '=': conversion from 'double' to 'float', possible loss of data
c:\users\user\desktop\practical - gp\practical\practicalexercise1\practicalexercise1\practicalexercise1.cpp(575): warning C4244: '=': conversion from 'double' to 'float', possible loss of data
c:\users\user\desktop\practical - gp\practical\practicalexercise1\practicalexercise1\practicalexercise1.cpp(576): warning C4244: 'argument': conversion from 'double' to 'GLfloat', possible loss of data
c:\users\user\desktop\practical - gp\practical\practicalexercise1\practicalexercise1\practicalexercise1.cpp(580): warning C4244: 'argument': conversion from 'double' to 'float', possible loss of data
c:\users\user\desktop\practical - gp\practical\practicalexercise1\practicalexercise1\practicalexercise1.cpp(587): warning C4305: '=': truncation from 'double' to 'float'
c:\users\user\desktop\practical - gp\practical\practicalexercise1\practicalexercise1\practicalexercise1.cpp(595): warning C4244: '=': conversion from 'double' to 'float', possible loss of data
c:\users\user\desktop\practical - gp\practical\practicalexercise1\practicalexercise1\practicalexercise1.cpp(596): warning C4244: '=': conversion from 'double' to 'float', possible loss of data
c:\users\user\desktop\practical - gp\practical\practicalexercise1\practicalexercise1\practicalexercise1.cpp(597): warning C4244: 'argument': conversion from 'double' to 'GLfloat', possible loss of data
c:\users\user\desktop\practical - gp\practical\practicalexercise1\practicalexercise1\practicalexercise1.cpp(608): warning C4305: 'argument': truncation from 'double' to 'GLfloat'
c:\users\user\desktop\practical - gp\practical\practicalexercise1\practicalexercise1\practicalexercise1.cpp(611): warning C4244: '=': conversion from 'double' to 'float', possible loss of data
c:\users\user\desktop\practical - gp\practical\practicalexercise1\practicalexercise1\practicalexercise1.cpp(612): warning C4244: 'argument': conversion from 'double' to 'GLfloat', possible loss of data
c:\users\user\desktop\practical - gp\practical\practicalexercise1\practicalexercise1\practicalexercise1.cpp(623): warning C4305: 'argument': truncation from 'double' to 'GLfloat'
c:\users\user\desktop\practical - gp\practical\practicalexercise1\practicalexercise1\practicalexercise1.cpp(627): warning C4305: 'argument': truncation from 'double' to 'GLfloat'
c:\users\user\desktop\practical - gp\practical\practicalexercise1\practicalexercise1\practicalexercise1.cpp(636): warning C4244: '=': conversion from 'double' to 'float', possible loss of data
c:\users\user\desktop\practical - gp\practical\practicalexercise1\practicalexercise1\practicalexercise1.cpp(643): warning C4305: '+=': truncation from 'double' to 'float'
c:\users\user\desktop\practical - gp\practical\practicalexercise1\practicalexercise1\practicalexercise1.cpp(645): warning C4244: '=': conversion from 'double' to 'float', possible loss of data
c:\users\user\desktop\practical - gp\practical\practicalexercise1\practicalexercise1\practicalexercise1.cpp(646): warning C4244: '=': conversion from 'double' to 'float', possible loss of data
c:\users\user\desktop\practical - gp\practical\practicalexercise1\practicalexercise1\practicalexercise1.cpp(654): warning C4244: '=': conversion from 'double' to 'float', possible loss of data
c:\users\user\desktop\practical - gp\practical\practicalexercise1\practicalexercise1\practicalexercise1.cpp(661): warning C4305: '+=': truncation from 'double' to 'float'
c:\users\user\desktop\practical - gp\practical\practicalexercise1\practicalexercise1\practicalexercise1.cpp(663): warning C4244: '=': conversion from 'double' to 'float', possible loss of data
c:\users\user\desktop\practical - gp\practical\practicalexercise1\practicalexercise1\practicalexercise1.cpp(664): warning C4244: '=': conversion from 'double' to 'float', possible loss of data
  PracticalExercise1.vcxproj -> C:\Users\User\Desktop\Practical - GP\Practical\PracticalExercise1\Debug\PracticalExercise1.exe
