  PracticalExercise3.cpp
c:\users\user\desktop\practical - gp\practical\practicalexercise3\practicalexercise3\practicalexercise3.cpp(32): warning C4305: 'initializing': truncation from 'double' to 'float'
c:\users\user\desktop\practical - gp\practical\practicalexercise3\practicalexercise3\practicalexercise3.cpp(34): warning C4305: 'initializing': truncation from 'double' to 'float'
c:\users\user\desktop\practical - gp\practical\practicalexercise3\practicalexercise3\practicalexercise3.cpp(163): warning C4305: 'argument': truncation from 'double' to 'GLclampf'
c:\users\user\desktop\practical - gp\practical\practicalexercise3\practicalexercise3\practicalexercise3.cpp(168): warning C4305: 'argument': truncation from 'double' to 'GLclampf'
c:\users\user\desktop\practical - gp\practical\practicalexercise3\practicalexercise3\practicalexercise3.cpp(238): warning C4305: 'argument': truncation from 'double' to 'float'
c:\users\user\desktop\practical - gp\practical\practicalexercise3\practicalexercise3\practicalexercise3.cpp(241): warning C4305: 'argument': truncation from 'double' to 'float'
c:\users\user\desktop\practical - gp\practical\practicalexercise3\practicalexercise3\practicalexercise3.cpp(254): warning C4305: 'argument': truncation from 'double' to 'float'
c:\users\user\desktop\practical - gp\practical\practicalexercise3\practicalexercise3\practicalexercise3.cpp(255): warning C4305: 'argument': truncation from 'double' to 'float'
c:\users\user\desktop\practical - gp\practical\practicalexercise3\practicalexercise3\practicalexercise3.cpp(256): warning C4305: 'argument': truncation from 'double' to 'float'
c:\users\user\desktop\practical - gp\practical\practicalexercise3\practicalexercise3\practicalexercise3.cpp(263): warning C4305: 'argument': truncation from 'double' to 'GLfloat'
c:\users\user\desktop\practical - gp\practical\practicalexercise3\practicalexercise3\practicalexercise3.cpp(266): warning C4305: 'argument': truncation from 'double' to 'GLfloat'
c:\users\user\desktop\practical - gp\practical\practicalexercise3\practicalexercise3\practicalexercise3.cpp(269): warning C4305: 'argument': truncation from 'double' to 'GLfloat'
c:\users\user\desktop\practical - gp\practical\practicalexercise3\practicalexercise3\practicalexercise3.cpp(276): warning C4305: 'argument': truncation from 'double' to 'GLfloat'
c:\users\user\desktop\practical - gp\practical\practicalexercise3\practicalexercise3\practicalexercise3.cpp(277): warning C4305: 'argument': truncation from 'double' to 'GLfloat'
c:\users\user\desktop\practical - gp\practical\practicalexercise3\practicalexercise3\practicalexercise3.cpp(278): warning C4305: 'argument': truncation from 'double' to 'GLfloat'
c:\users\user\desktop\practical - gp\practical\practicalexercise3\practicalexercise3\practicalexercise3.cpp(279): warning C4305: 'argument': truncation from 'double' to 'GLfloat'
c:\users\user\desktop\practical - gp\practical\practicalexercise3\practicalexercise3\practicalexercise3.cpp(289): warning C4305: 'argument': truncation from 'double' to 'GLfloat'
c:\users\user\desktop\practical - gp\practical\practicalexercise3\practicalexercise3\practicalexercise3.cpp(292): warning C4244: '=': conversion from 'double' to 'float', possible loss of data
c:\users\user\desktop\practical - gp\practical\practicalexercise3\practicalexercise3\practicalexercise3.cpp(293): warning C4244: 'argument': conversion from 'double' to 'GLfloat', possible loss of data
c:\users\user\desktop\practical - gp\practical\practicalexercise3\practicalexercise3\practicalexercise3.cpp(304): warning C4305: 'argument': truncation from 'double' to 'GLfloat'
c:\users\user\desktop\practical - gp\practical\practicalexercise3\practicalexercise3\practicalexercise3.cpp(308): warning C4305: 'argument': truncation from 'double' to 'GLfloat'
c:\users\user\desktop\practical - gp\practical\practicalexercise3\practicalexercise3\practicalexercise3.cpp(324): warning C4305: '+=': truncation from 'double' to 'float'
c:\users\user\desktop\practical - gp\practical\practicalexercise3\practicalexercise3\practicalexercise3.cpp(326): warning C4244: 'argument': conversion from 'double' to 'GLfloat', possible loss of data
c:\users\user\desktop\practical - gp\practical\practicalexercise3\practicalexercise3\practicalexercise3.cpp(339): warning C4305: '+=': truncation from 'double' to 'float'
c:\users\user\desktop\practical - gp\practical\practicalexercise3\practicalexercise3\practicalexercise3.cpp(340): warning C4244: 'argument': conversion from 'double' to 'GLfloat', possible loss of data
c:\users\user\desktop\practical - gp\practical\practicalexercise3\practicalexercise3\practicalexercise3.cpp(357): warning C4305: 'argument': truncation from 'double' to 'float'
c:\users\user\desktop\practical - gp\practical\practicalexercise3\practicalexercise3\practicalexercise3.cpp(360): warning C4305: 'argument': truncation from 'double' to 'float'
c:\users\user\desktop\practical - gp\practical\practicalexercise3\practicalexercise3\practicalexercise3.cpp(368): warning C4305: 'argument': truncation from 'double' to 'float'
c:\users\user\desktop\practical - gp\practical\practicalexercise3\practicalexercise3\practicalexercise3.cpp(369): warning C4305: 'argument': truncation from 'double' to 'float'
c:\users\user\desktop\practical - gp\practical\practicalexercise3\practicalexercise3\practicalexercise3.cpp(370): warning C4305: 'argument': truncation from 'double' to 'float'
c:\users\user\desktop\practical - gp\practical\practicalexercise3\practicalexercise3\practicalexercise3.cpp(371): warning C4305: 'argument': truncation from 'double' to 'float'
c:\users\user\desktop\practical - gp\practical\practicalexercise3\practicalexercise3\practicalexercise3.cpp(379): warning C4305: 'argument': truncation from 'double' to 'float'
c:\users\user\desktop\practical - gp\practical\practicalexercise3\practicalexercise3\practicalexercise3.cpp(388): warning C4305: 'argument': truncation from 'double' to 'GLfloat'
c:\users\user\desktop\practical - gp\practical\practicalexercise3\practicalexercise3\practicalexercise3.cpp(391): warning C4305: 'argument': truncation from 'double' to 'GLfloat'
c:\users\user\desktop\practical - gp\practical\practicalexercise3\practicalexercise3\practicalexercise3.cpp(394): warning C4305: 'argument': truncation from 'double' to 'GLfloat'
c:\users\user\desktop\practical - gp\practical\practicalexercise3\practicalexercise3\practicalexercise3.cpp(400): warning C4305: 'argument': truncation from 'double' to 'GLfloat'
c:\users\user\desktop\practical - gp\practical\practicalexercise3\practicalexercise3\practicalexercise3.cpp(403): warning C4305: 'argument': truncation from 'double' to 'GLfloat'
c:\users\user\desktop\practical - gp\practical\practicalexercise3\practicalexercise3\practicalexercise3.cpp(406): warning C4305: 'argument': truncation from 'double' to 'GLfloat'
c:\users\user\desktop\practical - gp\practical\practicalexercise3\practicalexercise3\practicalexercise3.cpp(412): warning C4305: 'argument': truncation from 'double' to 'GLfloat'
c:\users\user\desktop\practical - gp\practical\practicalexercise3\practicalexercise3\practicalexercise3.cpp(415): warning C4305: 'argument': truncation from 'double' to 'GLfloat'
c:\users\user\desktop\practical - gp\practical\practicalexercise3\practicalexercise3\practicalexercise3.cpp(418): warning C4305: 'argument': truncation from 'double' to 'GLfloat'
c:\users\user\desktop\practical - gp\practical\practicalexercise3\practicalexercise3\practicalexercise3.cpp(424): warning C4305: 'argument': truncation from 'double' to 'GLfloat'
c:\users\user\desktop\practical - gp\practical\practicalexercise3\practicalexercise3\practicalexercise3.cpp(427): warning C4305: 'argument': truncation from 'double' to 'GLfloat'
c:\users\user\desktop\practical - gp\practical\practicalexercise3\practicalexercise3\practicalexercise3.cpp(430): warning C4305: 'argument': truncation from 'double' to 'GLfloat'
c:\users\user\desktop\practical - gp\practical\practicalexercise3\practicalexercise3\practicalexercise3.cpp(436): warning C4305: 'argument': truncation from 'double' to 'GLfloat'
c:\users\user\desktop\practical - gp\practical\practicalexercise3\practicalexercise3\practicalexercise3.cpp(439): warning C4305: 'argument': truncation from 'double' to 'GLfloat'
c:\users\user\desktop\practical - gp\practical\practicalexercise3\practicalexercise3\practicalexercise3.cpp(442): warning C4305: 'argument': truncation from 'double' to 'GLfloat'
c:\users\user\desktop\practical - gp\practical\practicalexercise3\practicalexercise3\practicalexercise3.cpp(449): warning C4305: 'argument': truncation from 'double' to 'GLfloat'
c:\users\user\desktop\practical - gp\practical\practicalexercise3\practicalexercise3\practicalexercise3.cpp(452): warning C4305: 'argument': truncation from 'double' to 'GLfloat'
c:\users\user\desktop\practical - gp\practical\practicalexercise3\practicalexercise3\practicalexercise3.cpp(455): warning C4305: 'argument': truncation from 'double' to 'GLfloat'
c:\users\user\desktop\practical - gp\practical\practicalexercise3\practicalexercise3\practicalexercise3.cpp(461): warning C4305: 'argument': truncation from 'double' to 'GLfloat'
c:\users\user\desktop\practical - gp\practical\practicalexercise3\practicalexercise3\practicalexercise3.cpp(464): warning C4305: 'argument': truncation from 'double' to 'GLfloat'
c:\users\user\desktop\practical - gp\practical\practicalexercise3\practicalexercise3\practicalexercise3.cpp(467): warning C4305: 'argument': truncation from 'double' to 'GLfloat'
c:\users\user\desktop\practical - gp\practical\practicalexercise3\practicalexercise3\practicalexercise3.cpp(474): warning C4305: 'argument': truncation from 'double' to 'GLfloat'
c:\users\user\desktop\practical - gp\practical\practicalexercise3\practicalexercise3\practicalexercise3.cpp(477): warning C4305: 'argument': truncation from 'double' to 'GLfloat'
c:\users\user\desktop\practical - gp\practical\practicalexercise3\practicalexercise3\practicalexercise3.cpp(480): warning C4305: 'argument': truncation from 'double' to 'GLfloat'
c:\users\user\desktop\practical - gp\practical\practicalexercise3\practicalexercise3\practicalexercise3.cpp(488): warning C4305: 'argument': truncation from 'double' to 'GLfloat'
c:\users\user\desktop\practical - gp\practical\practicalexercise3\practicalexercise3\practicalexercise3.cpp(491): warning C4305: 'argument': truncation from 'double' to 'GLfloat'
c:\users\user\desktop\practical - gp\practical\practicalexercise3\practicalexercise3\practicalexercise3.cpp(494): warning C4305: 'argument': truncation from 'double' to 'GLfloat'
c:\users\user\desktop\practical - gp\practical\practicalexercise3\practicalexercise3\practicalexercise3.cpp(509): warning C4305: '+=': truncation from 'double' to 'float'
c:\users\user\desktop\practical - gp\practical\practicalexercise3\practicalexercise3\practicalexercise3.cpp(510): warning C4244: 'argument': conversion from 'double' to 'GLfloat', possible loss of data
c:\users\user\desktop\practical - gp\practical\practicalexercise3\practicalexercise3\practicalexercise3.cpp(525): warning C4305: '+=': truncation from 'double' to 'float'
c:\users\user\desktop\practical - gp\practical\practicalexercise3\practicalexercise3\practicalexercise3.cpp(526): warning C4244: 'argument': conversion from 'double' to 'GLfloat', possible loss of data
c:\users\user\desktop\practical - gp\practical\practicalexercise3\practicalexercise3\practicalexercise3.cpp(542): warning C4305: '+=': truncation from 'double' to 'float'
c:\users\user\desktop\practical - gp\practical\practicalexercise3\practicalexercise3\practicalexercise3.cpp(543): warning C4244: 'argument': conversion from 'double' to 'GLfloat', possible loss of data
  PracticalExercise3.vcxproj -> C:\Users\User\Desktop\Practical - GP\Practical\PracticalExercise3\Debug\PracticalExercise3.exe
